<?xml version="1.0" encoding="UTF-8"?>
<!-- Generated by org.testng.reporters.JUnitReportReporter -->
<testsuite skipped="0" hostname="DESKTOP-RUD9UKL" name="scripts.ValidCredentails" tests="1" failures="0" timestamp="12 Mar 2022 16:24:19 GMT" time="6.581" errors="0">
  <testcase name="authentication" time="6.581" classname="scripts.ValidCredentails"/>
</testsuite> <!-- scripts.ValidCredentails -->
